z:\c++\c--\consoleapplication\x64\debug\vc143.pdb
z:\c++\c--\consoleapplication\x64\debug\vc143.idb
z:\c++\c--\consoleapplication\x64\debug\module.obj
z:\c++\c--\consoleapplication\x64\debug\x__.obj
z:\c++\c--\consoleapplication\x64\debug\x_.obj
z:\c++\c--\consoleapplication\x64\debug\test.obj
z:\c++\c--\consoleapplication\x64\debug\main.obj
z:\c++\c--\consoleapplication\x64\debug\kate_.obj
z:\c++\c--\consoleapplication\x64\debug\std.ixx.ifc
z:\c++\c--\consoleapplication\x64\debug\std.ixx.ifc.d.json
z:\c++\c--\consoleapplication\x64\debug\std.ixx.obj
z:\c++\c--\consoleapplication\x64\debug\module.ixx.ifc
z:\c++\c--\consoleapplication\x64\debug\module.ixx.ifc.d.json
z:\c++\c--\consoleapplication\x64\debug\module.ixx.obj
z:\c++\c--\consoleapplication\x64\debug\std.compat.ixx.ifc
z:\c++\c--\consoleapplication\x64\debug\std.compat.ixx.ifc.d.json
z:\c++\c--\consoleapplication\x64\debug\std.compat.ixx.obj
z:\c++\c--\consoleapplication\x64\debug\consoleapplication.ilk
z:\c++\c--\consoleapplication\x64\debug\consoleapplication.exe
z:\c++\c--\consoleapplication\x64\debug\consoleapplication.pdb
z:\c++\c--\consoleapplication\x64\debug\std.compat.ixx.module.json
z:\c++\c--\consoleapplication\x64\debug\module.ixx.module.json
z:\c++\c--\consoleapplication\x64\debug\std.ixx.module.json
z:\c++\c--\consoleapplication\x64\debug\consolea.a52e974d.tlog\cl.command.1.tlog
z:\c++\c--\consoleapplication\x64\debug\consolea.a52e974d.tlog\cl.items.tlog
z:\c++\c--\consoleapplication\x64\debug\consolea.a52e974d.tlog\cl.read.1.tlog
z:\c++\c--\consoleapplication\x64\debug\consolea.a52e974d.tlog\cl.write.1.tlog
z:\c++\c--\consoleapplication\x64\debug\consolea.a52e974d.tlog\link.command.1.tlog
z:\c++\c--\consoleapplication\x64\debug\consolea.a52e974d.tlog\link.read.1.tlog
z:\c++\c--\consoleapplication\x64\debug\consolea.a52e974d.tlog\link.write.1.tlog
z:\c++\c--\consoleapplication\x64\debug\consolea.a52e974d_md.tlog\cl.command.1.tlog
z:\c++\c--\consoleapplication\x64\debug\consolea.a52e974d_md.tlog\microsoft.build.cpptasks.cl.read.1.tlog
z:\c++\c--\consoleapplication\x64\debug\consolea.a52e974d_md.tlog\microsoft.build.cpptasks.cl.write.1.tlog
